<?xml version="1.0" encoding="UTF-8"?>
<!-- Generated by org.testng.reporters.JUnitXMLReporter -->
<testsuite hostname="DESKTOP-FQ0K5AQ" name="Test" tests="1" failures="1" timestamp="8 Dec 2019 07:29:48 GMT" time="0.031" errors="0">
  <testcase name="f" time="0.01" classname="com.demo.test.NewTest">
    <failure type="java.lang.NullPointerException">
      <![CDATA[java.lang.NullPointerException
	at com.demo.test.NewTest.f(NewTest.java:12)
... Removed 24 stack frames]]>
    </failure>
  </testcase> <!-- f -->
</testsuite> <!-- Test -->
