<?xml version="1.0" encoding="UTF-8"?>
<testng-results skipped="0" failed="0" ignored="0" total="1" passed="1">
  <reporter-output>
  </reporter-output>
  <suite name="Suite" duration-ms="33697" started-at="2019-12-08T07:30:44Z" finished-at="2019-12-08T07:31:17Z">
    <groups>
    </groups>
    <test name="Test" duration-ms="33697" started-at="2019-12-08T07:30:44Z" finished-at="2019-12-08T07:31:17Z">
      <class name="com.demo.test.NewTest">
        <test-method status="PASS" signature="initilize()[pri:0, instance:com.demo.test.NewTest@60f82f98]" name="initilize" is-config="true" duration-ms="4742" started-at="2019-12-08T07:30:44Z" finished-at="2019-12-08T07:30:49Z">
          <reporter-output>
          </reporter-output>
        </test-method> <!-- initilize -->
        <test-method status="PASS" signature="f()[pri:0, instance:com.demo.test.NewTest@60f82f98]" name="f" duration-ms="28906" started-at="2019-12-08T07:30:49Z" finished-at="2019-12-08T07:31:17Z">
          <reporter-output>
          </reporter-output>
        </test-method> <!-- f -->
      </class> <!-- com.demo.test.NewTest -->
    </test> <!-- Test -->
  </suite> <!-- Suite -->
</testng-results>
